<?xml version="1.0" encoding="UTF-8"?>
<!-- Generated by org.testng.reporters.JUnitReportReporter -->
<testsuite hostname="Vinay-Laptop" failures="0" tests="1" name="MavenProject.Automation.Automation1" time="3.766" errors="0" timestamp="2025-04-08T12:50:11 IST" skipped="0">
  <testcase classname="MavenProject.Automation.Automation1" name="test1" time="3.766"/>
</testsuite> <!-- MavenProject.Automation.Automation1 -->
