<?xml version="1.0" encoding="UTF-8"?>
<!-- Generated by org.testng.reporters.JUnitReportReporter -->
<testsuite hostname="Vinay-Laptop" failures="0" tests="1" name="MavenProject.Automation.AppTest" time="0.015" errors="0" timestamp="2025-04-08T12:04:16 IST" skipped="0">
  <testcase classname="MavenProject.Automation.AppTest" name="shouldAnswerWithTrue" time="0.015"/>
</testsuite> <!-- MavenProject.Automation.AppTest -->
